TN:
SF:/home/ch1la/ch1la-bmstu/workspace/projects/lab05/banking/Account.cpp
FNL:0,10,10
FNA:0,5,_ZNK7Account10GetBalanceEv
FNL:1,12,15
FNA:1,5,_ZN7Account13ChangeBalanceEi
FNL:2,17,20
FNA:2,6,_ZN7Account4LockEv
FNL:3,22,22
FNA:3,3,_ZN7Account6UnlockEv
FNL:4,5,6
FNA:4,16,_ZN7AccountC2Eii
FNL:5,8,8
FNA:5,0,_ZN7AccountD0Ev
FNA:5,16,_ZN7AccountD2Ev
FNF:6
FNH:6
DA:5,16
DA:6,16
DA:8,16
DA:10,5
DA:12,5
DA:13,5
DA:14,3
DA:15,3
DA:17,6
DA:18,6
DA:19,5
DA:20,5
DA:22,3
LF:13
LH:13
end_of_record
TN:
SF:/home/ch1la/ch1la-bmstu/workspace/projects/lab05/banking/Account.h
FNL:0,18,18
FNA:0,21,_ZNK7Account2idEv
FNF:1
FNH:1
DA:18,21
LF:1
LH:1
end_of_record
TN:
SF:/home/ch1la/ch1la-bmstu/workspace/projects/lab05/banking/Transaction.cpp
FNL:0,12,12
FNA:0,4,_ZN12_GLOBAL__N_15GuardC2ER7Account
FNL:1,14,14
FNA:1,4,_ZN12_GLOBAL__N_15GuardD2Ev
FNL:2,21,21
FNA:2,8,_ZN11TransactionC2Ev
FNL:3,23,23
FNA:3,0,_ZN11TransactionD0Ev
FNA:3,8,_ZN11TransactionD2Ev
FNL:4,25,44
FNA:4,6,_ZN11Transaction4MakeER7AccountS1_i
FNL:5,46,49
FNA:5,2,_ZN11Transaction6CreditER7Accounti
FNL:6,51,58
FNA:6,2,_ZN11Transaction5DebitER7Accounti
FNL:7,60,65
FNA:7,2,_ZN11Transaction14SaveToDataBaseER7AccountS1_i
FNF:8
FNH:8
DA:12,4
DA:14,4
DA:21,8
DA:23,8
DA:25,6
DA:26,6
DA:28,5
DA:30,4
DA:32,3
DA:34,2
DA:35,2
DA:37,2
DA:39,2
DA:40,2
DA:42,2
DA:43,2
DA:44,2
DA:46,2
DA:47,2
DA:48,2
DA:49,2
DA:51,2
DA:52,2
DA:53,2
DA:54,2
DA:55,2
DA:57,0
DA:60,2
DA:61,2
DA:62,2
DA:63,2
DA:64,2
DA:65,2
LF:33
LH:32
end_of_record
TN:
SF:/home/ch1la/ch1la-bmstu/workspace/projects/lab05/banking/Transaction.h
FNL:0,11,11
FNA:0,2,_ZNK11Transaction3feeEv
FNL:1,12,12
FNA:1,2,_ZN11Transaction7set_feeEi
FNF:2
FNH:2
DA:11,2
DA:12,2
LF:2
LH:2
end_of_record
TN:
SF:/home/ch1la/ch1la-bmstu/workspace/projects/lab05/tests/test_account.cpp
FNL:0,12,16
FNA:0,1,_ZN43Account_ChangeBalanceThrowsIfNotLocked_Test8TestBodyEv
FNA:0,1,_ZN43Account_ChangeBalanceThrowsIfNotLocked_TestC2Ev
FNL:1,18,25
FNA:1,1,_ZN39Account_ChangeBalanceWorksIfLocked_Test8TestBodyEv
FNA:1,1,_ZN39Account_ChangeBalanceWorksIfLocked_TestC2Ev
FNL:2,27,33
FNA:2,1,_ZN29Account_DoubleLockThrows_Test8TestBodyEv
FNA:2,1,_ZN29Account_DoubleLockThrows_TestC2Ev
FNL:3,35,42
FNA:3,1,_ZN24Account_UnlockWorks_Test8TestBodyEv
FNA:3,1,_ZN24Account_UnlockWorks_TestC2Ev
FNL:4,5,10
FNA:4,1,_ZN24Account_Constructor_Test8TestBodyEv
FNA:4,1,_ZN24Account_Constructor_TestC2Ev
FNF:5
FNH:5
DA:5,2
DA:6,1
DA:8,1
DA:9,1
DA:10,1
DA:12,2
DA:13,1
DA:15,1
DA:16,1
DA:18,2
DA:19,1
DA:21,1
DA:22,1
DA:24,1
DA:25,1
DA:27,2
DA:28,1
DA:30,1
DA:32,1
DA:33,1
DA:35,2
DA:36,1
DA:38,1
DA:39,1
DA:41,1
DA:42,1
LF:26
LH:26
end_of_record
TN:
SF:/home/ch1la/ch1la-bmstu/workspace/projects/lab05/tests/test_transaction.cpp
FNL:0,11,12
FNA:0,2,_ZN11MockAccountC2Eii
FNL:1,14,14
FNA:1,2,_ZN11MockAccount10gmock_LockEv
FNA:1,2,_ZN11MockAccount4LockEv
FNL:2,15,15
FNA:2,2,_ZN11MockAccount12gmock_UnlockEv
FNA:2,2,_ZN11MockAccount6UnlockEv
FNL:3,16,16
FNA:3,2,_ZN11MockAccount13ChangeBalanceEi
FNA:3,2,_ZN11MockAccount19gmock_ChangeBalanceERKN7testing7MatcherIiEE
FNL:4,17,17
FNA:4,3,_ZNK11MockAccount10GetBalanceEv
FNA:4,1,_ZNK11MockAccount16gmock_GetBalanceEv
FNL:5,20,23
FNA:5,1,_ZN27Transaction_DefaultFee_Test8TestBodyEv
FNA:5,1,_ZN27Transaction_DefaultFee_TestC2Ev
FNL:6,25,29
FNA:6,1,_ZN23Transaction_SetFee_Test8TestBodyEv
FNA:6,1,_ZN23Transaction_SetFee_TestC2Ev
FNL:7,31,36
FNA:7,1,_ZN34Transaction_SameAccountThrows_Test8TestBodyEv
FNA:7,1,_ZN34Transaction_SameAccountThrows_TestC2Ev
FNL:8,38,44
FNA:8,1,_ZN34Transaction_NegativeSumThrows_Test8TestBodyEv
FNA:8,1,_ZN34Transaction_NegativeSumThrows_TestC2Ev
FNL:9,46,52
FNA:9,1,_ZN34Transaction_TooSmallSumThrows_Test8TestBodyEv
FNA:9,1,_ZN34Transaction_TooSmallSumThrows_TestC2Ev
FNL:10,54,62
FNA:10,1,_ZN38Transaction_FeeTooBigReturnsFalse_Test8TestBodyEv
FNA:10,1,_ZN38Transaction_FeeTooBigReturnsFalse_TestC2Ev
FNL:11,64,71
FNA:11,1,_ZN32Transaction_SuccessTransfer_Test8TestBodyEv
FNA:11,1,_ZN32Transaction_SuccessTransfer_TestC2Ev
FNL:12,73,94
FNA:12,1,_ZN36Transaction_CallsAccountMethods_Test8TestBodyEv
FNA:12,1,_ZN36Transaction_CallsAccountMethods_TestC2Ev
FNF:13
FNH:13
DA:11,2
DA:12,2
DA:14,4
DA:15,4
DA:16,4
DA:17,4
DA:20,2
DA:21,1
DA:22,1
DA:23,1
DA:25,2
DA:26,1
DA:27,1
DA:28,1
DA:29,1
DA:31,2
DA:32,1
DA:33,1
DA:35,1
DA:36,1
DA:38,2
DA:39,1
DA:40,1
DA:41,1
DA:43,1
DA:44,1
DA:46,2
DA:47,1
DA:48,1
DA:49,1
DA:51,1
DA:52,1
DA:54,2
DA:55,1
DA:56,1
DA:58,1
DA:59,1
DA:61,1
DA:62,1
DA:64,2
DA:65,1
DA:67,1
DA:68,1
DA:70,1
DA:71,1
DA:73,2
DA:74,1
DA:76,1
DA:77,1
DA:79,1
DA:80,1
DA:82,1
DA:84,1
DA:85,1
DA:86,1
DA:88,1
DA:90,1
DA:91,1
DA:93,1
DA:94,1
LF:60
LH:60
end_of_record
